<?xml version="1.0" encoding="UTF-8"?>
<testsuite xmlns:xsi="http://www.w3.org/2001/XMLSchema-instance" xsi:noNamespaceSchemaLocation="https://maven.apache.org/surefire/maven-surefire-plugin/xsd/surefire-test-report.xsd" name="US1011 Amazon Arama" time="8.137" tests="1" errors="1" skipped="0" failures="0">
  <properties>
[...]
</properties>
  <testcase name="TC15_Kullanici Amazonda Mehmet aratir" classname="US1011 Amazon Arama" time="8.137">
    <error message="element click intercepted: Element &lt;a href=&quot;/international-sales-offers/b/?ie=UTF8&amp;amp;node=15529609011&amp;amp;ref_=nav_cs_gb_intl_52df97a2eee74206a8343034e85cd058&quot; class=&quot;nav-a  &quot; tabindex=&quot;0&quot; data-csa-c-type=&quot;link&quot; data-csa-c-slot-id=&quot;nav_cs_0&quot; data-csa-c-content-id=&quot;nav_cs_gb_intl_52df97a2eee74206a8343034e85cd058&quot; data-csa-c-id=&quot;4gjem-b8psta-18oqjf-jncmct&quot;&gt;...&lt;/a&gt; is not clickable at point (130, 79). Other element would receive the click: &lt;div data-toaster-blocking=&quot;0&quot; data-toaster-csrftoken=&quot;gJUm5Jy1pg0u+wS4txjdE5TschBLLqxxPclkCKAAAAAMAAAAAGDUa0JyYXcAAAAA&quot; data-toaster-slot=&quot;DEFAULT&quot; data-toaster-type=&quot;AIS_INGRESS&quot; aria-describedby=&quot;glow-toaster-body&quot; aria-labelledby=&quot;glow-toaster-title&quot; class=&quot;a-section glow-toaster glow-toaster-theme-default glow-toaster-slot-default nav-coreFlyout nav-flyout&quot; role=&quot;alertdialog&quot; style=&quot;&quot; tabindex=&quot;-1&quot;&gt;...&lt;/div&gt;&#10;  (Session info: chrome=91.0.4472.114)&#10;Build info: version: &apos;3.141.59&apos;, revision: &apos;e82be7d358&apos;, time: &apos;2018-11-14T08:17:03&apos;&#10;System info: host: &apos;DESKTOP-QUM12DQ&apos;, ip: &apos;192.168.0.197&apos;, os.name: &apos;Windows 10&apos;, os.arch: &apos;amd64&apos;, os.version: &apos;10.0&apos;, java.version: &apos;11.0.10&apos;&#10;Driver info: org.openqa.selenium.chrome.ChromeDriver&#10;Capabilities {acceptInsecureCerts: false, browserName: chrome, browserVersion: 91.0.4472.114, chrome: {chromedriverVersion: 91.0.4472.101 (af52a90bf870..., userDataDir: C:\Users\burak\AppData\Loca...}, goog:chromeOptions: {debuggerAddress: localhost:57099}, javascriptEnabled: true, networkConnectionEnabled: false, pageLoadStrategy: normal, platform: WINDOWS, platformName: WINDOWS, proxy: Proxy(), setWindowRect: true, strictFileInteractability: false, timeouts: {implicit: 0, pageLoad: 300000, script: 30000}, unhandledPromptBehavior: dismiss and notify, webauthn:extension:largeBlob: true, webauthn:virtualAuthenticators: true}&#10;Session ID: 969ce3f1c32dc63fa4d2bc164e37d625" type="org.openqa.selenium.ElementClickInterceptedException"><![CDATA[org.openqa.selenium.ElementClickInterceptedException: 
element click intercepted: Element <a href="/international-sales-offers/b/?ie=UTF8&amp;node=15529609011&amp;ref_=nav_cs_gb_intl_52df97a2eee74206a8343034e85cd058" class="nav-a  " tabindex="0" data-csa-c-type="link" data-csa-c-slot-id="nav_cs_0" data-csa-c-content-id="nav_cs_gb_intl_52df97a2eee74206a8343034e85cd058" data-csa-c-id="4gjem-b8psta-18oqjf-jncmct">...</a> is not clickable at point (130, 79). Other element would receive the click: <div data-toaster-blocking="0" data-toaster-csrftoken="gJUm5Jy1pg0u+wS4txjdE5TschBLLqxxPclkCKAAAAAMAAAAAGDUa0JyYXcAAAAA" data-toaster-slot="DEFAULT" data-toaster-type="AIS_INGRESS" aria-describedby="glow-toaster-body" aria-labelledby="glow-toaster-title" class="a-section glow-toaster glow-toaster-theme-default glow-toaster-slot-default nav-coreFlyout nav-flyout" role="alertdialog" style="" tabindex="-1">...</div>
  (Session info: chrome=91.0.4472.114)
Build info: version: '3.141.59', revision: 'e82be7d358', time: '2018-11-14T08:17:03'
System info: host: 'DESKTOP-QUM12DQ', ip: '192.168.0.197', os.name: 'Windows 10', os.arch: 'amd64', os.version: '10.0', java.version: '11.0.10'
Driver info: org.openqa.selenium.chrome.ChromeDriver
Capabilities {acceptInsecureCerts: false, browserName: chrome, browserVersion: 91.0.4472.114, chrome: {chromedriverVersion: 91.0.4472.101 (af52a90bf870..., userDataDir: C:\Users\burak\AppData\Loca...}, goog:chromeOptions: {debuggerAddress: localhost:57099}, javascriptEnabled: true, networkConnectionEnabled: false, pageLoadStrategy: normal, platform: WINDOWS, platformName: WINDOWS, proxy: Proxy(), setWindowRect: true, strictFileInteractability: false, timeouts: {implicit: 0, pageLoad: 300000, script: 30000}, unhandledPromptBehavior: dismiss and notify, webauthn:extension:largeBlob: true, webauthn:virtualAuthenticators: true}
Session ID: 969ce3f1c32dc63fa4d2bc164e37d625
]]></error>
    <system-out><![CDATA[&amp#27;[32m&amp#27;[1m???????????????????????????????????????????????????????????????????????????????&amp#27;[0m
&amp#27;[32m&amp#27;[1m?&amp#27;[0m Share your Cucumber Report with your team at &amp#27;[36m&amp#27;[1m&amp#27;[4mhttps://reports.cucumber.io&amp#27;[0m    &amp#27;[32m&amp#27;[1m?&amp#27;[0m
&amp#27;[32m&amp#27;[1m?&amp#27;[0m Activate publishing with one of the following:                              &amp#27;[32m&amp#27;[1m?&amp#27;[0m
&amp#27;[32m&amp#27;[1m?&amp#27;[0m                                                                             &amp#27;[32m&amp#27;[1m?&amp#27;[0m
&amp#27;[32m&amp#27;[1m?&amp#27;[0m src/test/resources/cucumber.properties:    &amp#27;[36mcucumber.publish.enabled&amp#27;[0m=&amp#27;[36mtrue&amp#27;[0m    &amp#27;[32m&amp#27;[1m?&amp#27;[0m
&amp#27;[32m&amp#27;[1m?&amp#27;[0m Environment variable:                      &amp#27;[36mCUCUMBER_PUBLISH_ENABLED&amp#27;[0m=&amp#27;[36mtrue&amp#27;[0m    &amp#27;[32m&amp#27;[1m?&amp#27;[0m
&amp#27;[32m&amp#27;[1m?&amp#27;[0m JUnit:                                     &amp#27;[36m@CucumberOptions&amp#27;[0m(publish = &amp#27;[36mtrue&amp#27;[0m) &amp#27;[32m&amp#27;[1m?&amp#27;[0m
&amp#27;[32m&amp#27;[1m?&amp#27;[0m                                                                             &amp#27;[32m&amp#27;[1m?&amp#27;[0m
&amp#27;[32m&amp#27;[1m?&amp#27;[0m More information at &amp#27;[36mhttps://reports.cucumber.io/docs/cucumber-jvm&amp#27;[0m           &amp#27;[32m&amp#27;[1m?&amp#27;[0m
&amp#27;[32m&amp#27;[1m?&amp#27;[0m                                                                             &amp#27;[32m&amp#27;[1m?&amp#27;[0m
&amp#27;[32m&amp#27;[1m?&amp#27;[0m To disable this message, add &amp#27;[1mcucumber.publish.quiet&amp#27;[0m&amp#27;[1m=&amp#27;[0m&amp#27;[1mtrue&amp#27;[0m to                 &amp#27;[32m&amp#27;[1m?&amp#27;[0m
&amp#27;[32m&amp#27;[1m?&amp#27;[0m &amp#27;[1msrc/test/resources/cucumber.properties&amp#27;[0m                                      &amp#27;[32m&amp#27;[1m?&amp#27;[0m
&amp#27;[32m&amp#27;[1m???????????????????????????????????????????????????????????????????????????????&amp#27;[0m
]]></system-out>
    <system-err><![CDATA[Starting ChromeDriver 91.0.4472.101 (af52a90bf87030dd1523486a1cd3ae25c5d76c9b-refs/branch-heads/4472@{#1462}) on port 46429
Only local connections are allowed.
Please see https://chromedriver.chromium.org/security-considerations for suggestions on keeping ChromeDriver safe.
ChromeDriver was started successfully.
Haz 24, 2021 1:23:44 ÖS org.openqa.selenium.remote.ProtocolHandshake createSession
INFO: Detected dialect: W3C
]]></system-err>
  </testcase>
</testsuite>